<?xml version="1.0" encoding="UTF-8"?>
<!-- Generated by org.testng.reporters.JUnitXMLReporter -->
<testsuite hostname="DESKTOP-K41UI0V" ignored="0" name="Metric Unit" tests="1" failures="1" timestamp="2019-11-08T20:54:09 PST" time="17.101" errors="0">
  <testcase name="CalulatorTest" time="4.344" classname="modules.FindElement.CaculatorTest">
    <failure type="java.lang.AssertionError" message="expected [BMI = 23.6 kg/m2   (Normal)] but found [BMI = 23.2 kg/m2   (Normal)]">
      <![CDATA[java.lang.AssertionError: expected [BMI = 23.6 kg/m2   (Normal)] but found [BMI = 23.2 kg/m2   (Normal)]
at modules.FindElement.CaculatorTest.CalulatorTest(CaculatorTest.java:31)
at java.util.ArrayList.forEach(ArrayList.java:1249)
... Removed 36 stack frames]]>
    </failure>
  </testcase> <!-- CalulatorTest -->
</testsuite> <!-- Metric Unit -->
