-------------------------------------------------------------------------------
Test set: TestSuite
-------------------------------------------------------------------------------
Tests run: 1, Failures: 1, Errors: 0, Skipped: 0, Time elapsed: 17.914 s <<< FAILURE! - in TestSuite
CalulatorTest(modules.FindElement.CaculatorTest)  Time elapsed: 4.361 s  <<< FAILURE!
java.lang.AssertionError: expected [BMI = 23.6 kg/m2   (Normal)] but found [BMI = 23.2 kg/m2   (Normal)]
	at modules.FindElement.CaculatorTest.CalulatorTest(CaculatorTest.java:31)

