<?xml version="1.0" encoding="UTF-8"?>
<testsuite xmlns:xsi="http://www.w3.org/2001/XMLSchema-instance" xsi:noNamespaceSchemaLocation="https://maven.apache.org/surefire/maven-surefire-plugin/xsd/surefire-test-report.xsd" name="TestSuite" time="17.914" tests="1" errors="0" skipped="0" failures="1">
  <properties>
[...]
</properties>
  <testcase name="CalulatorTest" classname="modules.FindElement.CaculatorTest" time="4.361">
    <failure message="expected [BMI = 23.6 kg/m2   (Normal)] but found [BMI = 23.2 kg/m2   (Normal)]" type="java.lang.AssertionError">java.lang.AssertionError: expected [BMI = 23.6 kg/m2   (Normal)] but found [BMI = 23.2 kg/m2   (Normal)]
	at modules.FindElement.CaculatorTest.CalulatorTest(CaculatorTest.java:31)
</failure>
    <system-out><![CDATA[[TestNGContentHandler] [WARN] It is strongly recommended to add "<!DOCTYPE suite SYSTEM "https://testng.org/testng-1.0.dtd" >" at the top of your file, otherwise TestNG may fail or not work as expected.
chrome
]]></system-out>
    <system-err><![CDATA[Starting ChromeDriver 77.0.3865.40 (f484704e052e0b556f8030b65b953dce96503217-refs/branch-heads/3865@{#442}) on port 6026
Only local connections are allowed.
Please protect ports used by ChromeDriver and related test frameworks to prevent access by malicious code.
[1573275234.854][WARNING]: This version of ChromeDriver has not been tested with Chrome version 78.
[1573275236.877][WARNING]: Timed out connecting to Chrome, retrying...
Nov 08, 2019 8:53:58 PM org.openqa.selenium.remote.ProtocolHandshake createSession
INFO: Detected dialect: W3C
]]></system-err>
  </testcase>
</testsuite>